<?xml version="1.0" encoding="UTF-8"?>
<!-- Generated by org.testng.reporters.JUnitReportReporter -->
<testsuite skipped="0" hostname="LENSESUK" name="com.demo.nopcommerce.testsuite.LogInTest" tests="1" failures="0" timestamp="13 Apr 2020 10:11:03 GMT" time="23.448" errors="0">
  <testcase name="verifyUserShouldNavigateToLoginPage" time="23.448" classname="com.demo.nopcommerce.testsuite.LogInTest"/>
</testsuite> <!-- com.demo.nopcommerce.testsuite.LogInTest -->
