<?xml version="1.0" encoding="UTF-8"?>
<!-- Generated by org.testng.reporters.JUnitReportReporter -->
<testsuite skipped="0" hostname="LENSESUK" name="com.demo.nopcommerce.testsuite.LogInTest" tests="1" failures="0" timestamp="11 Apr 2020 10:45:03 GMT" time="12.406" errors="0">
  <testcase name="verifyUserShouldNavigateToLoginPage" time="12.406" classname="com.demo.nopcommerce.testsuite.LogInTest"/>
</testsuite> <!-- com.demo.nopcommerce.testsuite.LogInTest -->
